TN:
SF:src/index.js
FN:92,(anonymous_0)
FN:100,(anonymous_1)
FN:104,(anonymous_2)
FN:132,(anonymous_3)
FN:147,(anonymous_4)
FN:152,(anonymous_5)
FN:167,(anonymous_6)
FN:178,(anonymous_7)
FN:193,(anonymous_8)
FN:211,(anonymous_9)
FN:222,(anonymous_10)
FN:227,(anonymous_11)
FN:236,(anonymous_12)
FN:255,(anonymous_13)
FN:274,(anonymous_14)
FN:283,(anonymous_15)
FN:288,(anonymous_16)
FN:294,(anonymous_17)
FN:304,(anonymous_18)
FNF:19
FNH:16
FNDA:25,(anonymous_0)
FNDA:24,(anonymous_1)
FNDA:24,(anonymous_2)
FNDA:4,(anonymous_3)
FNDA:1,(anonymous_4)
FNDA:1,(anonymous_5)
FNDA:2,(anonymous_6)
FNDA:3,(anonymous_7)
FNDA:3,(anonymous_8)
FNDA:1,(anonymous_9)
FNDA:8,(anonymous_10)
FNDA:2,(anonymous_11)
FNDA:6,(anonymous_12)
FNDA:1,(anonymous_13)
FNDA:1,(anonymous_14)
FNDA:0,(anonymous_15)
FNDA:0,(anonymous_16)
FNDA:6,(anonymous_17)
FNDA:0,(anonymous_18)
DA:1,6
DA:2,6
DA:3,6
DA:4,6
DA:5,6
DA:6,6
DA:7,6
DA:8,6
DA:11,6
DA:12,6
DA:15,6
DA:16,6
DA:19,6
DA:26,6
DA:32,6
DA:37,6
DA:38,6
DA:39,6
DA:42,6
DA:68,6
DA:84,6
DA:89,6
DA:90,6
DA:92,25
DA:96,6
DA:97,6
DA:100,6
DA:101,24
DA:102,24
DA:104,24
DA:105,24
DA:106,24
DA:108,24
DA:112,24
DA:116,24
DA:118,24
DA:128,24
DA:132,6
DA:133,4
DA:143,4
DA:147,6
DA:148,1
DA:152,6
DA:154,1
DA:163,1
DA:167,6
DA:168,2
DA:169,2
DA:170,2
DA:172,0
DA:173,0
DA:178,6
DA:179,3
DA:193,6
DA:194,3
DA:211,6
DA:212,1
DA:222,6
DA:223,8
DA:224,8
DA:227,6
DA:228,2
DA:236,6
DA:237,6
DA:239,6
DA:240,2
DA:246,4
DA:255,6
DA:256,1
DA:265,1
DA:274,6
DA:283,6
DA:284,0
DA:285,0
DA:288,6
DA:289,0
DA:290,0
DA:294,6
DA:295,6
DA:304,6
DA:305,0
DA:306,0
DA:309,6
LF:83
LH:75
BRDA:12,0,0,6
BRDA:12,0,1,0
BRDA:43,1,0,6
BRDA:43,1,1,0
BRDA:85,2,0,6
BRDA:85,2,1,6
BRDA:106,3,0,24
BRDA:106,3,1,1
BRDA:137,4,0,4
BRDA:137,4,1,0
BRDA:138,5,0,4
BRDA:138,5,1,0
BRDA:182,6,0,3
BRDA:182,6,1,0
BRDA:215,7,0,1
BRDA:215,7,1,1
BRDA:216,8,0,1
BRDA:216,8,1,1
BRDA:239,9,0,2
BRDA:239,9,1,4
BRDA:239,10,0,6
BRDA:239,10,1,5
BRDA:265,11,0,1
BRDA:265,11,1,0
BRDA:267,12,0,0
BRDA:267,12,1,1
BRDA:269,13,0,1
BRDA:269,13,1,1
BRDA:297,14,0,6
BRDA:297,14,1,0
BRF:30
BRH:22
end_of_record
